#
# There is insufficient memory for the Java Runtime Environment to continue.
# Native memory allocation (malloc) failed to allocate 1048576 bytes for AllocateHeap
# Possible reasons:
#   The system is out of physical RAM or swap space
#   The process is running with CompressedOops enabled, and the Java Heap may be blocking the growth of the native heap
# Possible solutions:
#   Reduce memory load on the system
#   Increase physical memory or swap space
#   Check if swap backing store is full
#   Decrease Java heap size (-Xmx/-Xms)
#   Decrease number of Java threads
#   Decrease Java thread stack sizes (-Xss)
#   Set larger code cache with -XX:ReservedCodeCacheSize=
#   JVM is running with Unscaled Compressed Oops mode in which the Java heap is
#     placed in the first 4GB address space. The Java Heap base address is the
#     maximum limit for the native heap growth. Please use -XX:HeapBaseMinAddress
#     to set the Java Heap base and to place the Java Heap above 4GB virtual address.
# This output file may be truncated or incomplete.
#
#  Out of Memory Error (./src/hotspot/share/memory/allocation.cpp:46), pid=7556, tid=9124
#
# JRE version:  (11.0.18+10) (build )
# Java VM: OpenJDK 64-Bit Server VM (11.0.18+10-LTS, mixed mode, sharing, tiered, compressed oops, g1 gc, windows-amd64)
# No core dump will be written. Minidumps are not enabled by default on client versions of Windows
#

---------------  S U M M A R Y ------------

Command Line: org.jetbrains.kotlin.cli.jvm.K2JVMCompiler @E:\Projects\Maintainance and Evolution\Honeyaa\node_modules\react-native-safe-area-context\android\build\20230411_11320816878763036766.compiler.options

Host: Intel(R) Core(TM) i5-8265U CPU @ 1.60GHz, 8 cores, 7G,  Windows 11 , 64 bit Build 25314 (10.0.25314.1000)
Time: Tue Apr 11 12:29:14 2023 SE Asia Standard Time elapsed time: 4.894988 seconds (0d 0h 0m 4s)

---------------  T H R E A D  ---------------

Current thread (0x000001e679e10800):  JavaThread "Unknown thread" [_thread_in_vm, id=9124, stack(0x0000006671300000,0x0000006671400000)]

Stack: [0x0000006671300000,0x0000006671400000]
Native frames: (J=compiled Java code, j=interpreted, Vv=VM code, C=native code)
V  [jvm.dll+0x62bf8a]
V  [jvm.dll+0x7b8fb9]
V  [jvm.dll+0x7ba6a8]
V  [jvm.dll+0x7bad83]
V  [jvm.dll+0x250248]
V  [jvm.dll+0xb95d4]
V  [jvm.dll+0x2e5138]
V  [jvm.dll+0x792df7]
V  [jvm.dll+0x79458f]
V  [jvm.dll+0x363c69]
V  [jvm.dll+0x775d70]
V  [jvm.dll+0x3d297f]
V  [jvm.dll+0x3d4d11]
C  [jli.dll+0x5207]
C  [ucrtbase.dll+0x244eb]
C  [KERNEL32.DLL+0x3e2d]
C  [ntdll.dll+0x4ef48]


---------------  P R O C E S S  ---------------

Threads class SMR info:
_java_thread_list=0x000001e677d08ff0, length=0, elements={
}

Java Threads: ( => current thread )

Other Threads:

=>0x000001e679e10800 (exited) JavaThread "Unknown thread" [_thread_in_vm, id=9124, stack(0x0000006671300000,0x0000006671400000)]

Threads with active compile tasks:

VM state:not at safepoint (not fully initialized)

VM Mutex/Monitor currently owned by a thread: None


[error occurred during error reporting (printing compressed oops mode), id 0xc0000005, EXCEPTION_ACCESS_VIOLATION (0xc0000005) at pc=0x00007ffe5bb03bd7]

GC Heap History (0 events):
No events

Deoptimization events (0 events):
No events

Classes redefined (0 events):
No events

Internal exceptions (0 events):
No events

Events (1 events):
Event: 0.698 Loaded shared library C:\Program Files\Microsoft\jdk-11.0.18.10-hotspot\bin\zip.dll


Dynamic libraries:
0x00007ff6bb800000 - 0x00007ff6bb80d000 	C:\Program Files\Microsoft\jdk-11.0.18.10-hotspot\bin\java.exe
0x00007ffec1c70000 - 0x00007ffec1e86000 	C:\WINDOWS\SYSTEM32\ntdll.dll
0x00007ffec00e0000 - 0x00007ffec01a4000 	C:\WINDOWS\System32\KERNEL32.DLL
0x00007ffebf630000 - 0x00007ffebf9dd000 	C:\WINDOWS\System32\KERNELBASE.dll
0x00007ffebf2a0000 - 0x00007ffebf3b5000 	C:\WINDOWS\System32\ucrtbase.dll
0x00007ffe774b0000 - 0x00007ffe774c7000 	C:\Program Files\Microsoft\jdk-11.0.18.10-hotspot\bin\jli.dll
0x00007ffe77590000 - 0x00007ffe775a5000 	C:\Program Files\Microsoft\jdk-11.0.18.10-hotspot\bin\VCRUNTIME140.dll
0x00007ffec0f00000 - 0x00007ffec10b3000 	C:\WINDOWS\System32\USER32.dll
0x00007ffebf3c0000 - 0x00007ffebf3e7000 	C:\WINDOWS\System32\win32u.dll
0x00007ffe9d290000 - 0x00007ffe9d52d000 	C:\WINDOWS\WinSxS\amd64_microsoft.windows.common-controls_6595b64144ccf1df_6.0.25314.1000_none_7ba522e2a3810f62\COMCTL32.dll
0x00007ffec1900000 - 0x00007ffec1929000 	C:\WINDOWS\System32\GDI32.dll
0x00007ffec04b0000 - 0x00007ffec0557000 	C:\WINDOWS\System32\msvcrt.dll
0x00007ffebf060000 - 0x00007ffebf17f000 	C:\WINDOWS\System32\gdi32full.dll
0x00007ffebefb0000 - 0x00007ffebf055000 	C:\WINDOWS\System32\msvcp_win.dll
0x00007ffebfb20000 - 0x00007ffebfb50000 	C:\WINDOWS\System32\IMM32.DLL
0x00007ffe62810000 - 0x00007ffe628ab000 	C:\Program Files\Microsoft\jdk-11.0.18.10-hotspot\bin\msvcp140.dll
0x00007ffe5b370000 - 0x00007ffe5bf02000 	C:\Program Files\Microsoft\jdk-11.0.18.10-hotspot\bin\server\jvm.dll
0x00007ffebfbe0000 - 0x00007ffebfc90000 	C:\WINDOWS\System32\ADVAPI32.dll
0x00007ffebfe10000 - 0x00007ffebfeb5000 	C:\WINDOWS\System32\sechost.dll
0x00007ffec02c0000 - 0x00007ffec03e9000 	C:\WINDOWS\System32\RPCRT4.dll
0x00007ffebfd20000 - 0x00007ffebfd28000 	C:\WINDOWS\System32\PSAPI.DLL
0x00007ffe9f200000 - 0x00007ffe9f209000 	C:\WINDOWS\SYSTEM32\WSOCK32.dll
0x00007ffebfb60000 - 0x00007ffebfbd3000 	C:\WINDOWS\System32\WS2_32.dll
0x00007ffeb7840000 - 0x00007ffeb7875000 	C:\WINDOWS\SYSTEM32\WINMM.dll
0x00007ffeb7cc0000 - 0x00007ffeb7cca000 	C:\WINDOWS\SYSTEM32\VERSION.dll
0x00007ffebdf50000 - 0x00007ffebdf68000 	C:\WINDOWS\SYSTEM32\kernel.appcore.dll
0x00007ffebb530000 - 0x00007ffebb540000 	C:\Program Files\Microsoft\jdk-11.0.18.10-hotspot\bin\verify.dll
0x00007ffe9f790000 - 0x00007ffe9f9c5000 	C:\WINDOWS\SYSTEM32\DBGHELP.DLL
0x00007ffec1550000 - 0x00007ffec18fc000 	C:\WINDOWS\System32\combase.dll
0x00007ffebfd30000 - 0x00007ffebfe08000 	C:\WINDOWS\System32\OLEAUT32.dll
0x00007ffe9f370000 - 0x00007ffe9f3a2000 	C:\WINDOWS\SYSTEM32\dbgcore.DLL
0x00007ffebf210000 - 0x00007ffebf293000 	C:\WINDOWS\System32\bcryptPrimitives.dll
0x00007ffe77290000 - 0x00007ffe772b8000 	C:\Program Files\Microsoft\jdk-11.0.18.10-hotspot\bin\java.dll
0x00007ffe91ca0000 - 0x00007ffe91caa000 	C:\Program Files\Microsoft\jdk-11.0.18.10-hotspot\bin\jimage.dll
0x00007ffe77490000 - 0x00007ffe774a8000 	C:\Program Files\Microsoft\jdk-11.0.18.10-hotspot\bin\zip.dll

dbghelp: loaded successfully - version: 4.0.5 - missing functions: none
symbol engine: initialized successfully - sym options: 0x614 - pdb path: .;C:\Program Files\Microsoft\jdk-11.0.18.10-hotspot\bin;C:\WINDOWS\SYSTEM32;C:\WINDOWS\WinSxS\amd64_microsoft.windows.common-controls_6595b64144ccf1df_6.0.25314.1000_none_7ba522e2a3810f62;C:\Program Files\Microsoft\jdk-11.0.18.10-hotspot\bin\server

VM Arguments:
java_command: org.jetbrains.kotlin.cli.jvm.K2JVMCompiler @E:\Projects\Maintainance and Evolution\Honeyaa\node_modules\react-native-safe-area-context\android\build\20230411_11320816878763036766.compiler.options
java_class_path (initial): C:\Users\LE PHUC\.gradle\caches\modules-2\files-2.1\org.jetbrains.kotlin\kotlin-compiler-embeddable\1.6.20\18f66cca4301c12893ebe4ef47d65c3d9d2bff9b\kotlin-compiler-embeddable-1.6.20.jar;C:\Users\LE PHUC\.gradle\caches\modules-2\files-2.1\org.jetbrains.kotlin\kotlin-reflect\1.6.20\669965154723f1a712e8677af0cc5470dfdab81c\kotlin-reflect-1.6.20.jar;C:\Users\LE PHUC\.gradle\caches\modules-2\files-2.1\org.jetbrains.kotlin\kotlin-stdlib\1.6.20\6cedc143badbb4f1c6b7f5a340b04edff1743208\kotlin-stdlib-1.6.20.jar;C:\Users\LE PHUC\.gradle\caches\modules-2\files-2.1\org.jetbrains.kotlin\kotlin-script-runtime\1.6.20\a115c367e0fd9c8909293b208689afca0c88a6f1\kotlin-script-runtime-1.6.20.jar;C:\Users\LE PHUC\.gradle\caches\modules-2\files-2.1\org.jetbrains.kotlin\kotlin-daemon-embeddable\1.6.20\d4cac343029f48f106c57f457384771165d7deb5\kotlin-daemon-embeddable-1.6.20.jar;C:\Users\LE PHUC\.gradle\caches\modules-2\files-2.1\org.jetbrains.intellij.deps\trove4j\1.0.20200330\3afb14d5f9ceb459d724e907a21145e8ff394f02\trove4j-1.0.20200330.jar;C:\Users\LE PHUC\.gradle\caches\modules-2\files-2.1\net.java.dev.jna\jna\5.6.0\330f2244e9030119ab3030fc3fededc86713d9cc\jna-5.6.0.jar;C:\Users\LE PHUC\.gradle\caches\modules-2\files-2.1\org.jetbrains.kotlin\kotlin-stdlib-common\1.6.20\27b4562b6713d70f458c6d7ea39aadacb8e6a92b\kotlin-stdlib-common-1.6.20.jar;C:\Users\LE PHUC\.gradle\caches\modules-2\files-2.1\org.jetbrains\annotations\13.0\919f0dfe192fb4e063e7dacadee7f8bb9a2672a9\annotations-13.0.jar
Launcher Type: SUN_STANDARD

[Global flags]
     intx CICompilerCount                          = 4                                         {product} {ergonomic}
     uint G1ConcRefinementThreads                  = 8                                         {product} {ergonomic}
   size_t G1HeapRegionSize                         = 1048576                                   {product} {ergonomic}
    uintx GCDrainStackTargetSize                   = 64                                        {product} {ergonomic}
   size_t InitialHeapSize                          = 132120576                                 {product} {ergonomic}
   size_t MaxHeapSize                              = 2111832064                                {product} {ergonomic}
   size_t MinHeapDeltaBytes                        = 1048576                                   {product} {ergonomic}
    uintx NonNMethodCodeHeapSize                   = 5836300                                {pd product} {ergonomic}
    uintx NonProfiledCodeHeapSize                  = 122910970                              {pd product} {ergonomic}
    uintx ProfiledCodeHeapSize                     = 122910970                              {pd product} {ergonomic}
    uintx ReservedCodeCacheSize                    = 251658240                              {pd product} {ergonomic}
     bool SegmentedCodeCache                       = true                                      {product} {ergonomic}
     bool UseCompressedClassPointers               = true                                 {lp64_product} {ergonomic}
     bool UseCompressedOops                        = true                                 {lp64_product} {ergonomic}
     bool UseG1GC                                  = true                                      {product} {ergonomic}
     bool UseLargePagesIndividualAllocation        = false                                  {pd product} {ergonomic}

Logging:
Log output configuration:
 #0: stdout all=warning uptime,level,tags
 #1: stderr all=off uptime,level,tags

Environment Variables:
JAVA_HOME=C:\Program Files\Microsoft\jdk-11.0.18.10-hotspot\
CLASSPATH=E:\Projects\Maintainance and Evolution\Honeyaa\android\\gradle\wrapper\gradle-wrapper.jar
PATH=E:\Projects\Maintainance and Evolution\Honeyaa\android\node_modules\.bin;E:\Projects\Maintainance and Evolution\Honeyaa\node_modules\.bin;E:\Projects\Maintainance and Evolution\node_modules\.bin;E:\Projects\node_modules\.bin;E:\node_modules\.bin;C:\Program Files\nodejs;C:\Program Files\Microsoft\jdk-11.0.18.10-hotspot\bin;C:\Python27\;C:\Python27\Scripts;C:\WINDOWS\system32;C:\WINDOWS;C:\WINDOWS\System32\Wbem;C:\WINDOWS\System32\WindowsPowerShell\v1.0\;C:\WINDOWS\System32\OpenSSH\;C:\Program Files\Git\cmd;C:\Program Files (x86)\mingw-w64\i686-8.1.0-posix-dwarf-rt_v6-rev0\mingw32\bin;C:\Program Files\nodejs\;C:\Program Files\Microsoft SQL Server\Client SDK\ODBC\170\Tools\Binn\;C:\Program Files (x86)\Microsoft SQL Server\150\Tools\Binn\;C:\Program Files\Microsoft SQL Server\150\Tools\Binn\;C:\Program Files\Microsoft SQL Server\150\DTS\Binn\;C:\Program Files\Azure Data Studio\bin;C:\Program Files\Microsoft SQL Server\130\Tools\Binn\;C:\Program Files (x86)\Microsoft SQL Server\150\DTS\Binn\;C:\Program Files (x86)\dotnet\;C:\Program Files\dotnet\;C:\ProgramData\chocolatey\bin;C:\Program Files\Java\jdk1.8.0_211\bin;C:\Program Files\MySQL\MySQL Shell 8.0\bin\;C:\Users\LE PHUC\AppData\Local\Microsoft\WindowsApps;C:\Users\LE PHUC\.dotnet\tools;C:\Users\LE PHUC\AppData\Roaming\npm;C:\Program Files\Azure Data Studio\bin;C:\Users\LE PHUC\AppData\Local\Programs\Microsoft VS Code\bin;C:\Users\LE PHUC\AppData\Local\Android\Sdk\platform-tools;C:\Users\LE PHUC\AppData\Roaming\Pub\Cache\bin;C:\Users\LE PHUC\flutter\bin;C:\Users\LE PHUC\flutter\bin\dart;
USERNAME=LE PHUC
LANG=en_US.UTF-8
OS=Windows_NT
PROCESSOR_IDENTIFIER=Intel64 Family 6 Model 142 Stepping 11, GenuineIntel
TMP=C:\Users\LEPHUC~1\AppData\Local\Temp
TEMP=C:\Users\LEPHUC~1\AppData\Local\Temp



---------------  S Y S T E M  ---------------

OS: Windows 11 , 64 bit Build 25314 (10.0.25314.1000)
OS uptime: 0 days 3:24 hours

CPU:total 8 (initial active 8) (4 cores per cpu, 2 threads per core) family 6 model 142 stepping 11 microcode 0xde, cmov, cx8, fxsr, mmx, sse, sse2, sse3, ssse3, sse4.1, sse4.2, popcnt, avx, avx2, aes, clmul, erms, 3dnowpref, lzcnt, ht, tsc, tscinvbit, bmi1, bmi2, adx, fma

Memory: 4k page, system-wide physical 8048M (665M free)
TotalPageFile size 10864M (AvailPageFile size 5M)
current process WorkingSet (physical memory assigned to process): 10M, peak: 10M
current process commit charge ("private bytes"): 13M, peak: 14M

vm_info: OpenJDK 64-Bit Server VM (11.0.18+10-LTS) for windows-amd64 JRE (11.0.18+10-LTS), built on Jan 18 2023 15:56:47 by "MicrosoftCorporation" with MS VC++ 15.9 (VS2017)

END.
